Chapter5/pathMeasureDemo/build/intermediates/manifest_merge_blame_file/debug/manifest-merger-blame-debug-report.txt
1<?xml version="1.0" encoding="utf-8"?>
2<manifest xmlns:android="http://schemas.android.com/apk/res/android"
3    package="com.harvic.PathMeasureDemo"
4    android:versionCode="1"
5    android:versionName="1.0" >
6
7    <uses-sdk
8        android:minSdkVersion="14"
8-->src\main\AndroidManifest.xml
9        android:targetSdkVersion="14" />
9-->src\main\AndroidManifest.xml
10
11    <application
11-->src\main\AndroidManifest.xml:8:5-24:19
12        android:debuggable="true"
13        android:icon="@drawable/ic_launcher"
13-->src\main\AndroidManifest.xml:10:13-49
14        android:label="@string/app_name"
14-->src\main\AndroidManifest.xml:9:13-45
15        android:testOnly="true" >
16        <activity
16-->src\main\AndroidManifest.xml:12:9-20:20
17            android:name="com.harvic.PathMeasureDemo.MyActivity"
17-->src\main\AndroidManifest.xml:13:17-42
18            android:label="@string/app_name" >
18-->src\main\AndroidManifest.xml:14:17-49
19            <intent-filter>
19-->src\main\AndroidManifest.xml:16:13-19:29
20                <action android:name="android.intent.action.MAIN" />
20-->src\main\AndroidManifest.xml:17:17-68
20-->src\main\AndroidManifest.xml:17:25-66
21
22                <category android:name="android.intent.category.LAUNCHER" />
22-->src\main\AndroidManifest.xml:18:17-76
22-->src\main\AndroidManifest.xml:18:27-74
23            </intent-filter>
24        </activity>
25        <activity android:name="com.harvic.PathMeasureDemo.GetSegmentDEMOActivity" />
25-->src\main\AndroidManifest.xml:21:9-59
25-->src\main\AndroidManifest.xml:21:19-57
26        <activity android:name="com.harvic.PathMeasureDemo.GetPosTanActivity" />
26-->src\main\AndroidManifest.xml:22:9-54
26-->src\main\AndroidManifest.xml:22:19-52
27        <activity android:name="com.harvic.PathMeasureDemo.AlipayActivity" />
27-->src\main\AndroidManifest.xml:23:9-51
27-->src\main\AndroidManifest.xml:23:19-49
28    </application>
29
30</manifest>